Generated at 2019-12-04 15:03:35 +0000
Mixlib::ShellOut::ShellCommandFailed: execute[Run jenkins_master container] (@recipe_files::/home/slava_frolov777/chef-repo/jenkins_master/hello.rb line 9) had an error: Mixlib::ShellOut::ShellCommandFailed: Expected process to exit with [0], but received '1'
---- Begin output of docker run -it -p 8080:8080 -p 2222:22 -p 50000:50000 --env "HOST_KEY=$(cat ~/.ssh/id_rsa.pub)" --name jenkins --mount source=jenkins,target=/var/lib/jenkins/ jenkins_master || docker start jenkins ----
STDOUT: 
STDERR: the input device is not a TTY
Error response from daemon: No such container: jenkins
Error: failed to start containers: jenkins
---- End output of docker run -it -p 8080:8080 -p 2222:22 -p 50000:50000 --env "HOST_KEY=$(cat ~/.ssh/id_rsa.pub)" --name jenkins --mount source=jenkins,target=/var/lib/jenkins/ jenkins_master || docker start jenkins ----
Ran docker run -it -p 8080:8080 -p 2222:22 -p 50000:50000 --env "HOST_KEY=$(cat ~/.ssh/id_rsa.pub)" --name jenkins --mount source=jenkins,target=/var/lib/jenkins/ jenkins_master || docker start jenkins returned 1
/opt/chef-workstation/embedded/lib/ruby/gems/2.5.0/gems/mixlib-shellout-2.4.4/lib/mixlib/shellout.rb:297:in `invalid!'
/opt/chef-workstation/embedded/lib/ruby/gems/2.5.0/gems/mixlib-shellout-2.4.4/lib/mixlib/shellout.rb:284:in `error!'
/opt/chef-workstation/embedded/lib/ruby/gems/2.5.0/gems/chef-14.8.12/lib/chef/mixin/shell_out.rb:202:in `shell_out_compacted!'
/opt/chef-workstation/embedded/lib/ruby/gems/2.5.0/gems/chef-14.8.12/lib/chef/mixin/shell_out.rb:124:in `shell_out!'
/opt/chef-workstation/embedded/lib/ruby/gems/2.5.0/gems/chef-14.8.12/lib/chef/provider/execute.rb:58:in `block in action_run'
/opt/chef-workstation/embedded/lib/ruby/gems/2.5.0/gems/chef-14.8.12/lib/chef/mixin/why_run.rb:51:in `add_action'
/opt/chef-workstation/embedded/lib/ruby/gems/2.5.0/gems/chef-14.8.12/lib/chef/provider.rb:227:in `converge_by'
/opt/chef-workstation/embedded/lib/ruby/gems/2.5.0/gems/chef-14.8.12/lib/chef/provider/execute.rb:56:in `action_run'
/opt/chef-workstation/embedded/lib/ruby/gems/2.5.0/gems/chef-14.8.12/lib/chef/provider.rb:182:in `run_action'
/opt/chef-workstation/embedded/lib/ruby/gems/2.5.0/gems/chef-14.8.12/lib/chef/resource.rb:578:in `run_action'
/opt/chef-workstation/embedded/lib/ruby/gems/2.5.0/gems/chef-14.8.12/lib/chef/runner.rb:70:in `run_action'
/opt/chef-workstation/embedded/lib/ruby/gems/2.5.0/gems/chef-14.8.12/lib/chef/runner.rb:98:in `block (2 levels) in converge'
/opt/chef-workstation/embedded/lib/ruby/gems/2.5.0/gems/chef-14.8.12/lib/chef/runner.rb:98:in `each'
/opt/chef-workstation/embedded/lib/ruby/gems/2.5.0/gems/chef-14.8.12/lib/chef/runner.rb:98:in `block in converge'
/opt/chef-workstation/embedded/lib/ruby/gems/2.5.0/gems/chef-14.8.12/lib/chef/resource_collection/resource_list.rb:94:in `block in execute_each_resource'
/opt/chef-workstation/embedded/lib/ruby/gems/2.5.0/gems/chef-14.8.12/lib/chef/resource_collection/stepable_iterator.rb:114:in `call_iterator_block'
/opt/chef-workstation/embedded/lib/ruby/gems/2.5.0/gems/chef-14.8.12/lib/chef/resource_collection/stepable_iterator.rb:85:in `step'
/opt/chef-workstation/embedded/lib/ruby/gems/2.5.0/gems/chef-14.8.12/lib/chef/resource_collection/stepable_iterator.rb:103:in `iterate'
/opt/chef-workstation/embedded/lib/ruby/gems/2.5.0/gems/chef-14.8.12/lib/chef/resource_collection/stepable_iterator.rb:55:in `each_with_index'
/opt/chef-workstation/embedded/lib/ruby/gems/2.5.0/gems/chef-14.8.12/lib/chef/resource_collection/resource_list.rb:92:in `execute_each_resource'
/opt/chef-workstation/embedded/lib/ruby/gems/2.5.0/gems/chef-14.8.12/lib/chef/runner.rb:97:in `converge'
/opt/chef-workstation/embedded/lib/ruby/gems/2.5.0/gems/chef-14.8.12/lib/chef/client.rb:720:in `block in converge'
/opt/chef-workstation/embedded/lib/ruby/gems/2.5.0/gems/chef-14.8.12/lib/chef/client.rb:715:in `catch'
/opt/chef-workstation/embedded/lib/ruby/gems/2.5.0/gems/chef-14.8.12/lib/chef/client.rb:715:in `converge'
/opt/chef-workstation/embedded/lib/ruby/gems/2.5.0/gems/chef-14.8.12/lib/chef/client.rb:754:in `converge_and_save'
/opt/chef-workstation/embedded/lib/ruby/gems/2.5.0/gems/chef-14.8.12/lib/chef/client.rb:286:in `run'
/opt/chef-workstation/embedded/lib/ruby/gems/2.5.0/gems/chef-14.8.12/lib/chef/application.rb:303:in `run_with_graceful_exit_option'
/opt/chef-workstation/embedded/lib/ruby/gems/2.5.0/gems/chef-14.8.12/lib/chef/application.rb:279:in `block in run_chef_client'
/opt/chef-workstation/embedded/lib/ruby/gems/2.5.0/gems/chef-14.8.12/lib/chef/local_mode.rb:44:in `with_server_connectivity'
/opt/chef-workstation/embedded/lib/ruby/gems/2.5.0/gems/chef-14.8.12/lib/chef/application.rb:261:in `run_chef_client'
/opt/chef-workstation/embedded/lib/ruby/gems/2.5.0/gems/chef-14.8.12/lib/chef/application/client.rb:440:in `run_application'
/opt/chef-workstation/embedded/lib/ruby/gems/2.5.0/gems/chef-14.8.12/lib/chef/application.rb:66:in `run'
/opt/chef-workstation/embedded/lib/ruby/gems/2.5.0/gems/chef-14.8.12/bin/chef-client:25:in `<top (required)>'
/usr/bin/chef-client:306:in `load'
/usr/bin/chef-client:306:in `<main>'

>>>> Caused by Mixlib::ShellOut::ShellCommandFailed: Expected process to exit with [0], but received '1'
---- Begin output of docker run -it -p 8080:8080 -p 2222:22 -p 50000:50000 --env "HOST_KEY=$(cat ~/.ssh/id_rsa.pub)" --name jenkins --mount source=jenkins,target=/var/lib/jenkins/ jenkins_master || docker start jenkins ----
STDOUT: 
STDERR: the input device is not a TTY
Error response from daemon: No such container: jenkins
Error: failed to start containers: jenkins
---- End output of docker run -it -p 8080:8080 -p 2222:22 -p 50000:50000 --env "HOST_KEY=$(cat ~/.ssh/id_rsa.pub)" --name jenkins --mount source=jenkins,target=/var/lib/jenkins/ jenkins_master || docker start jenkins ----
Ran docker run -it -p 8080:8080 -p 2222:22 -p 50000:50000 --env "HOST_KEY=$(cat ~/.ssh/id_rsa.pub)" --name jenkins --mount source=jenkins,target=/var/lib/jenkins/ jenkins_master || docker start jenkins returned 1
/opt/chef-workstation/embedded/lib/ruby/gems/2.5.0/gems/mixlib-shellout-2.4.4/lib/mixlib/shellout.rb:297:in `invalid!'
/opt/chef-workstation/embedded/lib/ruby/gems/2.5.0/gems/mixlib-shellout-2.4.4/lib/mixlib/shellout.rb:284:in `error!'
/opt/chef-workstation/embedded/lib/ruby/gems/2.5.0/gems/chef-14.8.12/lib/chef/mixin/shell_out.rb:202:in `shell_out_compacted!'
/opt/chef-workstation/embedded/lib/ruby/gems/2.5.0/gems/chef-14.8.12/lib/chef/mixin/shell_out.rb:124:in `shell_out!'
/opt/chef-workstation/embedded/lib/ruby/gems/2.5.0/gems/chef-14.8.12/lib/chef/provider/execute.rb:58:in `block in action_run'
/opt/chef-workstation/embedded/lib/ruby/gems/2.5.0/gems/chef-14.8.12/lib/chef/mixin/why_run.rb:51:in `add_action'
/opt/chef-workstation/embedded/lib/ruby/gems/2.5.0/gems/chef-14.8.12/lib/chef/provider.rb:227:in `converge_by'
/opt/chef-workstation/embedded/lib/ruby/gems/2.5.0/gems/chef-14.8.12/lib/chef/provider/execute.rb:56:in `action_run'
/opt/chef-workstation/embedded/lib/ruby/gems/2.5.0/gems/chef-14.8.12/lib/chef/provider.rb:182:in `run_action'
/opt/chef-workstation/embedded/lib/ruby/gems/2.5.0/gems/chef-14.8.12/lib/chef/resource.rb:578:in `run_action'
/opt/chef-workstation/embedded/lib/ruby/gems/2.5.0/gems/chef-14.8.12/lib/chef/runner.rb:70:in `run_action'
/opt/chef-workstation/embedded/lib/ruby/gems/2.5.0/gems/chef-14.8.12/lib/chef/runner.rb:98:in `block (2 levels) in converge'
/opt/chef-workstation/embedded/lib/ruby/gems/2.5.0/gems/chef-14.8.12/lib/chef/runner.rb:98:in `each'
/opt/chef-workstation/embedded/lib/ruby/gems/2.5.0/gems/chef-14.8.12/lib/chef/runner.rb:98:in `block in converge'
/opt/chef-workstation/embedded/lib/ruby/gems/2.5.0/gems/chef-14.8.12/lib/chef/resource_collection/resource_list.rb:94:in `block in execute_each_resource'
/opt/chef-workstation/embedded/lib/ruby/gems/2.5.0/gems/chef-14.8.12/lib/chef/resource_collection/stepable_iterator.rb:114:in `call_iterator_block'
/opt/chef-workstation/embedded/lib/ruby/gems/2.5.0/gems/chef-14.8.12/lib/chef/resource_collection/stepable_iterator.rb:85:in `step'
/opt/chef-workstation/embedded/lib/ruby/gems/2.5.0/gems/chef-14.8.12/lib/chef/resource_collection/stepable_iterator.rb:103:in `iterate'
/opt/chef-workstation/embedded/lib/ruby/gems/2.5.0/gems/chef-14.8.12/lib/chef/resource_collection/stepable_iterator.rb:55:in `each_with_index'
/opt/chef-workstation/embedded/lib/ruby/gems/2.5.0/gems/chef-14.8.12/lib/chef/resource_collection/resource_list.rb:92:in `execute_each_resource'
/opt/chef-workstation/embedded/lib/ruby/gems/2.5.0/gems/chef-14.8.12/lib/chef/runner.rb:97:in `converge'
/opt/chef-workstation/embedded/lib/ruby/gems/2.5.0/gems/chef-14.8.12/lib/chef/client.rb:720:in `block in converge'
/opt/chef-workstation/embedded/lib/ruby/gems/2.5.0/gems/chef-14.8.12/lib/chef/client.rb:715:in `catch'
/opt/chef-workstation/embedded/lib/ruby/gems/2.5.0/gems/chef-14.8.12/lib/chef/client.rb:715:in `converge'
/opt/chef-workstation/embedded/lib/ruby/gems/2.5.0/gems/chef-14.8.12/lib/chef/client.rb:754:in `converge_and_save'
/opt/chef-workstation/embedded/lib/ruby/gems/2.5.0/gems/chef-14.8.12/lib/chef/client.rb:286:in `run'
/opt/chef-workstation/embedded/lib/ruby/gems/2.5.0/gems/chef-14.8.12/lib/chef/application.rb:303:in `run_with_graceful_exit_option'
/opt/chef-workstation/embedded/lib/ruby/gems/2.5.0/gems/chef-14.8.12/lib/chef/application.rb:279:in `block in run_chef_client'
/opt/chef-workstation/embedded/lib/ruby/gems/2.5.0/gems/chef-14.8.12/lib/chef/local_mode.rb:44:in `with_server_connectivity'
/opt/chef-workstation/embedded/lib/ruby/gems/2.5.0/gems/chef-14.8.12/lib/chef/application.rb:261:in `run_chef_client'
/opt/chef-workstation/embedded/lib/ruby/gems/2.5.0/gems/chef-14.8.12/lib/chef/application/client.rb:440:in `run_application'
/opt/chef-workstation/embedded/lib/ruby/gems/2.5.0/gems/chef-14.8.12/lib/chef/application.rb:66:in `run'
/opt/chef-workstation/embedded/lib/ruby/gems/2.5.0/gems/chef-14.8.12/bin/chef-client:25:in `<top (required)>'
/usr/bin/chef-client:306:in `load'
/usr/bin/chef-client:306:in `<main>'